[debug] [2023-09-08T18:14:31.241Z] ----------------------------------------------------------------------
[debug] [2023-09-08T18:14:31.243Z] Command:       C:\Program Files\nodejs\node.exe C:\Users\User\AppData\Roaming\npm\node_modules\firebase-tools\lib\bin\firebase.js init hosting:github
[debug] [2023-09-08T18:14:31.244Z] CLI Version:   12.5.2
[debug] [2023-09-08T18:14:31.244Z] Platform:      win32
[debug] [2023-09-08T18:14:31.244Z] Node Version:  v18.16.1
[debug] [2023-09-08T18:14:31.245Z] Time:          Fri Sep 08 2023 14:14:31 GMT-0400 (Eastern Daylight Time)
[debug] [2023-09-08T18:14:31.245Z] ----------------------------------------------------------------------
[debug] 
[debug] [2023-09-08T18:14:31.335Z] > command requires scopes: ["email","openid","https://www.googleapis.com/auth/cloudplatformprojects.readonly","https://www.googleapis.com/auth/firebase","https://www.googleapis.com/auth/cloud-platform"]
[debug] [2023-09-08T18:14:31.336Z] > authorizing via signed-in user (leebyron120@gmail.com)
[info] 
     ######## #### ########  ######## ########     ###     ######  ########
     ##        ##  ##     ## ##       ##     ##  ##   ##  ##       ##
     ######    ##  ########  ######   ########  #########  ######  ######
     ##        ##  ##    ##  ##       ##     ## ##     ##       ## ##
     ##       #### ##     ## ######## ########  ##     ##  ######  ########

You're about to initialize a Firebase project in this directory:

  C:\Users\User\Desktop\personal\unit9\shoutouts\frontend

Before we get started, keep in mind:

  * You are initializing within an existing Firebase project directory

[info] 
=== Project Setup
[info] 
[info] First, let's associate this project directory with a Firebase project.
[info] You can create multiple project aliases by running firebase use --add, 
[info] but for now we'll just set up a default project.
[info] 
[debug] [2023-09-08T18:14:36.330Z] Using project from CLI flag: shoutouts-8e4b9
[debug] [2023-09-08T18:14:36.332Z] > refreshing access token with scopes: []
[debug] [2023-09-08T18:14:36.334Z] >>> [apiv2][query] POST https://www.googleapis.com/oauth2/v3/token [none]
[debug] [2023-09-08T18:14:36.334Z] >>> [apiv2][body] POST https://www.googleapis.com/oauth2/v3/token [omitted]
[debug] [2023-09-08T18:14:36.562Z] <<< [apiv2][status] POST https://www.googleapis.com/oauth2/v3/token 200
[debug] [2023-09-08T18:14:36.563Z] <<< [apiv2][body] POST https://www.googleapis.com/oauth2/v3/token [omitted]
[debug] [2023-09-08T18:14:36.573Z] >>> [apiv2][query] GET https://firebase.googleapis.com/v1beta1/projects/shoutouts-8e4b9 [none]
[debug] [2023-09-08T18:14:36.787Z] <<< [apiv2][status] GET https://firebase.googleapis.com/v1beta1/projects/shoutouts-8e4b9 200
[debug] [2023-09-08T18:14:36.788Z] <<< [apiv2][body] GET https://firebase.googleapis.com/v1beta1/projects/shoutouts-8e4b9 {"projectId":"shoutouts-8e4b9","projectNumber":"1096639685714","displayName":"shoutouts","name":"projects/shoutouts-8e4b9","resources":{"hostingSite":"shoutouts-8e4b9"},"state":"ACTIVE","etag":"1_a2546d7a-9bc2-4f25-8e23-5b39920835e2"}
[info] i  Using project shoutouts-8e4b9 (shoutouts) 
[info] 
=== Hosting:github Setup
[info] 
[info] i  Didn't detect a .git folder. Assuming C:\Users\User\Desktop\personal\unit9\shoutouts\frontend is the project root. 
[info] i  Authorizing with GitHub to upload your service account to a GitHub repository's secrets store. 
[info] 
[info] Visit this URL on this device to log in:
[info] https://github.com/login/oauth/authorize?client_id=89cf50f02ac6aaed3484&state=918641643&redirect_uri=http%3A%2F%2Flocalhost%3A9005&scope=read%3Auser%20repo%20public_repo
[info] 
[info] Waiting for authentication...
[debug] [2023-09-08T18:14:52.125Z] >>> [apiv2][query] POST https://github.com/login/oauth/access_token [none]
[debug] [2023-09-08T18:14:52.126Z] >>> [apiv2][body] POST https://github.com/login/oauth/access_token [stream]
[debug] [2023-09-08T18:14:52.299Z] <<< [apiv2][status] POST https://github.com/login/oauth/access_token 200
[debug] [2023-09-08T18:14:52.300Z] <<< [apiv2][body] POST https://github.com/login/oauth/access_token {"access_token":"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","token_type":"bearer","scope":"read:user,repo"}
[debug] [2023-09-08T18:14:52.308Z] >>> [apiv2][query] GET https://api.github.com/user [none]
[debug] [2023-09-08T18:14:52.506Z] <<< [apiv2][status] GET https://api.github.com/user 200
[debug] [2023-09-08T18:14:52.507Z] <<< [apiv2][body] GET https://api.github.com/user {"login":"LeeByronJr","id":129808640,"node_id":"U_kgDOB7y5AA","avatar_url":"https://avatars.githubusercontent.com/u/129808640?v=4","gravatar_id":"","url":"https://api.github.com/users/LeeByronJr","html_url":"https://github.com/LeeByronJr","followers_url":"https://api.github.com/users/LeeByronJr/followers","following_url":"https://api.github.com/users/LeeByronJr/following{/other_user}","gists_url":"https://api.github.com/users/LeeByronJr/gists{/gist_id}","starred_url":"https://api.github.com/users/LeeByronJr/starred{/owner}{/repo}","subscriptions_url":"https://api.github.com/users/LeeByronJr/subscriptions","organizations_url":"https://api.github.com/users/LeeByronJr/orgs","repos_url":"https://api.github.com/users/LeeByronJr/repos","events_url":"https://api.github.com/users/LeeByronJr/events{/privacy}","received_events_url":"https://api.github.com/users/LeeByronJr/received_events","type":"User","site_admin":false,"name":null,"company":null,"blog":"","location":null,"email":null,"hireable":null,"bio":null,"twitter_username":null,"public_repos":17,"public_gists":0,"followers":0,"following":0,"created_at":"2023-04-04T00:40:02Z","updated_at":"2023-08-17T01:32:39Z","private_gists":0,"total_private_repos":2,"owned_private_repos":2,"disk_usage":21051,"collaborators":0,"two_factor_authentication":false,"plan":{"name":"free","space":976562499,"collaborators":0,"private_repos":10000}}
[info] 
[info] +  Success! Logged into GitHub as LeeByronJr 
[info] 
